<?xml version="1.0" encoding="UTF-8"?>
<testng-results skipped="0" failed="0" total="1" passed="1">
  <reporter-output>
  </reporter-output>
  <suite name="Default suite" duration-ms="43763" started-at="2016-08-10T06:46:16Z" finished-at="2016-08-10T06:46:59Z">
    <groups>
    </groups>
    <test name="Default test" duration-ms="43763" started-at="2016-08-10T06:46:16Z" finished-at="2016-08-10T06:46:59Z">
      <class name="scripts.Sendmail">
        <test-method status="PASS" signature="setup()[pri:0, instance:scripts.Sendmail@1fdc050]" name="setup" is-config="true" duration-ms="17507" started-at="2016-08-10T13:46:16Z" finished-at="2016-08-10T13:46:33Z">
          <reporter-output>
          </reporter-output>
        </test-method> <!-- setup -->
        <test-method status="PASS" signature="Send_mail_successful()[pri:0, instance:scripts.Sendmail@1fdc050]" name="Send_mail_successful" duration-ms="26192" started-at="2016-08-10T13:46:33Z" finished-at="2016-08-10T13:46:59Z">
          <reporter-output>
          </reporter-output>
        </test-method> <!-- Send_mail_successful -->
      </class> <!-- scripts.Sendmail -->
    </test> <!-- Default test -->
  </suite> <!-- Default suite -->
</testng-results>
